<?xml version="1.0" encoding="UTF-8"?>
<!-- Generated by org.testng.reporters.JUnitReportReporter -->
<testsuite hostname="Gopalakrishnan" failures="0" tests="1" name="com.githubpractice.Sample" time="5.590" errors="0" timestamp="2023-09-23T19:42:54 IST" skipped="0">
  <testcase classname="com.githubpractice.Sample" name="test" time="5.590"/>
  <system-out/>
</testsuite> <!-- com.githubpractice.Sample -->
